<?xml version="1.0" encoding="UTF-8"?>
<!-- Generated by org.testng.reporters.JUnitReportReporter -->
<testsuite hostname="DESKTOP-AGDRQC9" failures="0" tests="1" name="testCases.TC_001_AccountRegisterationTest" time="53.364" errors="0" timestamp="2023-10-31T20:47:42 GMT" skipped="0">
  <testcase classname="testCases.TC_001_AccountRegisterationTest" name="test_account_Registration" time="53.364"/>
</testsuite> <!-- testCases.TC_001_AccountRegisterationTest -->
