<?xml version="1.0" encoding="UTF-8"?>
<!-- Generated by org.testng.reporters.JUnitReportReporter -->
<testsuite hostname="DESKTOP-AGDRQC9" failures="0" tests="1" name="utilities.ExcelDataSupplier" time="0.006" errors="0" timestamp="2023-10-24T22:35:05 BST" skipped="0">
  <testcase classname="utilities.ExcelDataSupplier" name="getData" time="0.006"/>
</testsuite> <!-- utilities.ExcelDataSupplier -->
