<?xml version="1.0" encoding="UTF-8"?>
<!-- Generated by org.testng.reporters.JUnitReportReporter -->
<testsuite hostname="DESKTOP-AGDRQC9" failures="0" tests="1" name="testCases.TC_002_Login" time="17.309" errors="0" timestamp="2023-10-31T20:51:35 GMT" skipped="0">
  <testcase classname="testCases.TC_002_Login" name="test_login" time="17.309"/>
</testsuite> <!-- testCases.TC_002_Login -->
